2019-06-22 15:50:14,931 [Worker-1: Loading available Gradle versions] INFO  o.e.b.c.i.u.g.PublishedGradleVersions - Gradle version information cache is up-to-date. Trying to read.
2019-06-22 15:50:41,929 [Worker-0: Creating maven-archetype-quickstart] INFO  o.e.m.c.i.p.ProjectConfigurationManager - Collecting project info '/pom.xml' C:\Users\mdsis\Desktop\APIAutomation\abc\pom.xml
2019-06-22 15:50:42,837 [Worker-0: Creating maven-archetype-quickstart] INFO  o.e.m.c.i.l.LifecycleMappingFactory - Using org.eclipse.m2e.jdt.JarLifecycleMapping lifecycle mapping for MavenProject: abc:abc:0.0.1-SNAPSHOT @ C:\Users\mdsis\Desktop\APIAutomation\abc\pom.xml.
2019-06-22 15:50:43,105 [Worker-0: Creating maven-archetype-quickstart] INFO  o.e.m.j.i.AbstractJavaProjectConfigurator - Adding source folder /abc/src/main/java
2019-06-22 15:50:43,116 [Worker-0: Creating maven-archetype-quickstart] INFO  o.e.m.j.i.AbstractJavaProjectConfigurator - Adding source folder /abc/src/test/java
2019-06-22 15:50:43,613 [Worker-0: Creating maven-archetype-quickstart] INFO  o.e.m.c.i.p.ProjectConfigurationManager - Imported and configured 1 project(s) in 1 sec
2019-06-22 15:50:44,185 [Worker-17: Building workspace] INFO  o.e.m.c.i.embedder.EclipseLogger - Using 'UTF-8' encoding to copy filtered resources.
2019-06-22 15:50:44,186 [Worker-17: Building workspace] INFO  o.e.m.c.i.embedder.EclipseLogger - skip non existing resourceDirectory C:\Users\mdsis\Desktop\APIAutomation\abc\src\main\resources
2019-06-22 15:50:44,187 [Worker-17: Building workspace] INFO  o.e.m.c.i.embedder.EclipseLogger - Using 'UTF-8' encoding to copy filtered resources.
2019-06-22 15:50:44,188 [Worker-17: Building workspace] INFO  o.e.m.c.i.embedder.EclipseLogger - skip non existing resourceDirectory C:\Users\mdsis\Desktop\APIAutomation\abc\src\test\resources
2019-06-22 15:51:45,675 [Worker-16: Building workspace] INFO  o.e.m.c.i.embedder.EclipseLogger - Using 'UTF-8' encoding to copy filtered resources.
2019-06-22 15:51:45,675 [Worker-16: Building workspace] INFO  o.e.m.c.i.embedder.EclipseLogger - skip non existing resourceDirectory C:\Users\mdsis\Desktop\APIAutomation\abc\src\main\resources
2019-06-22 15:51:45,677 [Worker-16: Building workspace] INFO  o.e.m.c.i.embedder.EclipseLogger - Using 'UTF-8' encoding to copy filtered resources.
2019-06-22 15:51:45,677 [Worker-16: Building workspace] INFO  o.e.m.c.i.embedder.EclipseLogger - skip non existing resourceDirectory C:\Users\mdsis\Desktop\APIAutomation\abc\src\test\resources
2019-06-22 15:52:28,960 [Worker-7: Building workspace] INFO  o.e.m.c.i.embedder.EclipseLogger - Using 'UTF-8' encoding to copy filtered resources.
2019-06-22 15:52:28,960 [Worker-7: Building workspace] INFO  o.e.m.c.i.embedder.EclipseLogger - skip non existing resourceDirectory C:\Users\mdsis\Desktop\APIAutomation\abc\src\main\resources
2019-06-22 15:52:28,962 [Worker-7: Building workspace] INFO  o.e.m.c.i.embedder.EclipseLogger - Using 'UTF-8' encoding to copy filtered resources.
2019-06-22 15:52:28,962 [Worker-7: Building workspace] INFO  o.e.m.c.i.embedder.EclipseLogger - skip non existing resourceDirectory C:\Users\mdsis\Desktop\APIAutomation\abc\src\test\resources
2019-06-22 15:53:24,033 [Worker-6: Building workspace] INFO  o.e.m.c.i.embedder.EclipseLogger - Using 'UTF-8' encoding to copy filtered resources.
2019-06-22 15:53:24,033 [Worker-6: Building workspace] INFO  o.e.m.c.i.embedder.EclipseLogger - skip non existing resourceDirectory C:\Users\mdsis\Desktop\APIAutomation\abc\src\main\resources
2019-06-22 15:53:24,034 [Worker-6: Building workspace] INFO  o.e.m.c.i.embedder.EclipseLogger - Using 'UTF-8' encoding to copy filtered resources.
2019-06-22 15:53:24,034 [Worker-6: Building workspace] INFO  o.e.m.c.i.embedder.EclipseLogger - skip non existing resourceDirectory C:\Users\mdsis\Desktop\APIAutomation\abc\src\test\resources
2019-06-22 15:56:39,051 [Worker-14: Building workspace] INFO  o.e.m.c.i.embedder.EclipseLogger - Using 'UTF-8' encoding to copy filtered resources.
2019-06-22 15:56:39,051 [Worker-14: Building workspace] INFO  o.e.m.c.i.embedder.EclipseLogger - skip non existing resourceDirectory C:\Users\mdsis\Desktop\APIAutomation\abc\src\main\resources
2019-06-22 15:56:39,053 [Worker-14: Building workspace] INFO  o.e.m.c.i.embedder.EclipseLogger - Using 'UTF-8' encoding to copy filtered resources.
2019-06-22 15:56:39,053 [Worker-14: Building workspace] INFO  o.e.m.c.i.embedder.EclipseLogger - skip non existing resourceDirectory C:\Users\mdsis\Desktop\APIAutomation\abc\src\test\resources
2019-06-22 15:59:13,933 [Worker-19: Rebuilding] INFO  o.e.m.c.i.embedder.EclipseLogger - Using 'UTF-8' encoding to copy filtered resources.
2019-06-22 15:59:13,933 [Worker-19: Rebuilding] INFO  o.e.m.c.i.embedder.EclipseLogger - skip non existing resourceDirectory C:\Users\mdsis\Desktop\APIAutomation\abc\src\main\resources
2019-06-22 15:59:13,935 [Worker-19: Rebuilding] INFO  o.e.m.c.i.embedder.EclipseLogger - Using 'UTF-8' encoding to copy filtered resources.
2019-06-22 15:59:13,935 [Worker-19: Rebuilding] INFO  o.e.m.c.i.embedder.EclipseLogger - skip non existing resourceDirectory C:\Users\mdsis\Desktop\APIAutomation\abc\src\test\resources
2019-06-22 15:59:59,675 [Worker-19: Building workspace] INFO  o.e.m.c.i.l.LifecycleMappingFactory - Using org.eclipse.m2e.jdt.JarLifecycleMapping lifecycle mapping for MavenProject: abc:abc:0.0.1-SNAPSHOT @ C:\Users\mdsis\Desktop\APIAutomation\APIAutomation\pom.xml.
2019-06-22 15:59:59,730 [Worker-19: Building workspace] INFO  o.e.m.c.i.embedder.EclipseLogger - Using 'UTF-8' encoding to copy filtered resources.
2019-06-22 15:59:59,730 [Worker-19: Building workspace] INFO  o.e.m.c.i.embedder.EclipseLogger - skip non existing resourceDirectory C:\Users\mdsis\Desktop\APIAutomation\APIAutomation\src\main\resources
2019-06-22 15:59:59,732 [Worker-19: Building workspace] INFO  o.e.m.c.i.embedder.EclipseLogger - Using 'UTF-8' encoding to copy filtered resources.
2019-06-22 15:59:59,732 [Worker-19: Building workspace] INFO  o.e.m.c.i.embedder.EclipseLogger - skip non existing resourceDirectory C:\Users\mdsis\Desktop\APIAutomation\APIAutomation\src\test\resources
2019-06-22 16:00:00,814 [Worker-6: Building workspace] INFO  o.e.m.c.i.embedder.EclipseLogger - Using 'UTF-8' encoding to copy filtered resources.
2019-06-22 16:00:00,814 [Worker-6: Building workspace] INFO  o.e.m.c.i.embedder.EclipseLogger - skip non existing resourceDirectory C:\Users\mdsis\Desktop\APIAutomation\APIAutomation\src\main\resources
2019-06-22 16:00:00,817 [Worker-6: Building workspace] INFO  o.e.m.c.i.embedder.EclipseLogger - Using 'UTF-8' encoding to copy filtered resources.
2019-06-22 16:00:00,817 [Worker-6: Building workspace] INFO  o.e.m.c.i.embedder.EclipseLogger - skip non existing resourceDirectory C:\Users\mdsis\Desktop\APIAutomation\APIAutomation\src\test\resources
2019-06-22 16:00:20,909 [Worker-6: Building workspace] INFO  o.e.m.c.i.embedder.EclipseLogger - Using 'UTF-8' encoding to copy filtered resources.
2019-06-22 16:00:20,909 [Worker-6: Building workspace] INFO  o.e.m.c.i.embedder.EclipseLogger - skip non existing resourceDirectory C:\Users\mdsis\Desktop\APIAutomation\APIAutomation\src\main\resources
2019-06-22 16:00:20,910 [Worker-6: Building workspace] INFO  o.e.m.c.i.embedder.EclipseLogger - Using 'UTF-8' encoding to copy filtered resources.
2019-06-22 16:00:20,911 [Worker-6: Building workspace] INFO  o.e.m.c.i.embedder.EclipseLogger - skip non existing resourceDirectory C:\Users\mdsis\Desktop\APIAutomation\APIAutomation\src\test\resources
2019-06-22 16:00:25,807 [Worker-19: Building workspace] INFO  o.e.m.c.i.embedder.EclipseLogger - Using 'UTF-8' encoding to copy filtered resources.
2019-06-22 16:00:25,807 [Worker-19: Building workspace] INFO  o.e.m.c.i.embedder.EclipseLogger - skip non existing resourceDirectory C:\Users\mdsis\Desktop\APIAutomation\APIAutomation\src\main\resources
2019-06-22 16:00:25,808 [Worker-19: Building workspace] INFO  o.e.m.c.i.embedder.EclipseLogger - Using 'UTF-8' encoding to copy filtered resources.
2019-06-22 16:00:25,808 [Worker-19: Building workspace] INFO  o.e.m.c.i.embedder.EclipseLogger - skip non existing resourceDirectory C:\Users\mdsis\Desktop\APIAutomation\APIAutomation\src\test\resources
2019-06-22 16:03:20,368 [Worker-6: Building workspace] INFO  o.e.m.c.i.l.LifecycleMappingFactory - Using org.eclipse.m2e.jdt.JarLifecycleMapping lifecycle mapping for MavenProject: abc:abc:0.0.1-SNAPSHOT @ C:\Users\mdsis\Desktop\APIAutomation\APIAutomation\pom.xml.
2019-06-22 16:03:20,461 [Worker-6: Building workspace] WARN  o.e.m.c.i.embedder.EclipseLogger - The POM for com.sun.xml.bind:jaxb-osgi:jar:2.2.10 is invalid, transitive dependencies (if any) will not be available, enable debug logging for more details
2019-06-22 16:03:20,710 [Worker-6: Building workspace] INFO  o.e.m.c.i.embedder.EclipseLogger - Using 'UTF-8' encoding to copy filtered resources.
2019-06-22 16:03:20,711 [Worker-6: Building workspace] INFO  o.e.m.c.i.embedder.EclipseLogger - skip non existing resourceDirectory C:\Users\mdsis\Desktop\APIAutomation\APIAutomation\src\main\resources
2019-06-22 16:03:20,712 [Worker-6: Building workspace] INFO  o.e.m.c.i.embedder.EclipseLogger - Using 'UTF-8' encoding to copy filtered resources.
2019-06-22 16:03:20,712 [Worker-6: Building workspace] INFO  o.e.m.c.i.embedder.EclipseLogger - skip non existing resourceDirectory C:\Users\mdsis\Desktop\APIAutomation\APIAutomation\src\test\resources
2019-06-22 16:03:59,354 [Worker-19: Building workspace] WARN  o.e.m.c.i.embedder.EclipseLogger - The POM for com.sun.xml.bind:jaxb-osgi:jar:2.2.10 is invalid, transitive dependencies (if any) will not be available, enable debug logging for more details
2019-06-22 16:03:59,423 [Worker-19: Building workspace] INFO  o.e.m.c.i.embedder.EclipseLogger - Using 'UTF-8' encoding to copy filtered resources.
2019-06-22 16:03:59,423 [Worker-19: Building workspace] INFO  o.e.m.c.i.embedder.EclipseLogger - skip non existing resourceDirectory C:\Users\mdsis\Desktop\APIAutomation\APIAutomation\src\main\resources
2019-06-22 16:03:59,424 [Worker-19: Building workspace] INFO  o.e.m.c.i.embedder.EclipseLogger - Using 'UTF-8' encoding to copy filtered resources.
2019-06-22 16:03:59,425 [Worker-19: Building workspace] INFO  o.e.m.c.i.embedder.EclipseLogger - skip non existing resourceDirectory C:\Users\mdsis\Desktop\APIAutomation\APIAutomation\src\test\resources
2019-06-22 16:04:17,662 [Worker-6: Updating Maven Project] INFO  o.e.m.c.i.p.ProjectConfigurationManager - Update started
2019-06-22 16:04:18,045 [Worker-6: Updating Maven Project] INFO  o.e.m.c.i.l.LifecycleMappingFactory - Using org.eclipse.m2e.jdt.JarLifecycleMapping lifecycle mapping for MavenProject: abc:abc:0.0.1-SNAPSHOT @ C:\Users\mdsis\Desktop\APIAutomation\APIAutomation\pom.xml.
2019-06-22 16:04:18,158 [Worker-6: Updating Maven Project] WARN  o.e.m.c.i.embedder.EclipseLogger - The POM for com.sun.xml.bind:jaxb-osgi:jar:2.2.10 is invalid, transitive dependencies (if any) will not be available, enable debug logging for more details
2019-06-22 16:04:18,363 [Worker-6: Updating Maven Project] INFO  o.e.m.j.i.AbstractJavaProjectConfigurator - Adding source folder /APIAutomation/src/main/java
2019-06-22 16:04:18,364 [Worker-6: Updating Maven Project] INFO  o.e.m.j.i.AbstractJavaProjectConfigurator - Adding source folder /APIAutomation/src/test/java
2019-06-22 16:04:18,493 [Worker-6: Updating Maven Project] INFO  o.e.m.c.i.p.ProjectConfigurationManager - Update completed: 0 sec
2019-06-22 16:04:18,705 [Worker-21: Building workspace] WARN  o.e.m.c.i.embedder.EclipseLogger - The POM for com.sun.xml.bind:jaxb-osgi:jar:2.2.10 is invalid, transitive dependencies (if any) will not be available, enable debug logging for more details
2019-06-22 16:04:18,762 [Worker-21: Building workspace] INFO  o.e.m.c.i.embedder.EclipseLogger - Using 'UTF-8' encoding to copy filtered resources.
2019-06-22 16:04:18,762 [Worker-21: Building workspace] INFO  o.e.m.c.i.embedder.EclipseLogger - skip non existing resourceDirectory C:\Users\mdsis\Desktop\APIAutomation\APIAutomation\src\main\resources
2019-06-22 16:04:18,764 [Worker-21: Building workspace] INFO  o.e.m.c.i.embedder.EclipseLogger - Using 'UTF-8' encoding to copy filtered resources.
2019-06-22 16:04:18,764 [Worker-21: Building workspace] INFO  o.e.m.c.i.embedder.EclipseLogger - skip non existing resourceDirectory C:\Users\mdsis\Desktop\APIAutomation\APIAutomation\src\test\resources
2019-06-22 16:05:35,464 [Worker-21: Rebuilding] INFO  o.e.m.c.i.embedder.EclipseLogger - Using 'UTF-8' encoding to copy filtered resources.
2019-06-22 16:05:35,465 [Worker-21: Rebuilding] INFO  o.e.m.c.i.embedder.EclipseLogger - skip non existing resourceDirectory C:\Users\mdsis\Desktop\APIAutomation\APIAutomation\src\main\resources
2019-06-22 16:05:35,465 [Worker-21: Rebuilding] INFO  o.e.m.c.i.embedder.EclipseLogger - Using 'UTF-8' encoding to copy filtered resources.
2019-06-22 16:05:35,465 [Worker-21: Rebuilding] INFO  o.e.m.c.i.embedder.EclipseLogger - skip non existing resourceDirectory C:\Users\mdsis\Desktop\APIAutomation\APIAutomation\src\test\resources
2019-06-22 16:06:32,736 [Worker-14: Building workspace] INFO  o.e.m.c.i.embedder.EclipseLogger - Using 'UTF-8' encoding to copy filtered resources.
2019-06-22 16:06:32,737 [Worker-14: Building workspace] INFO  o.e.m.c.i.embedder.EclipseLogger - skip non existing resourceDirectory C:\Users\mdsis\Desktop\APIAutomation\APIAutomation\src\main\resources
2019-06-22 16:06:32,738 [Worker-14: Building workspace] INFO  o.e.m.c.i.embedder.EclipseLogger - Using 'UTF-8' encoding to copy filtered resources.
2019-06-22 16:06:32,738 [Worker-14: Building workspace] INFO  o.e.m.c.i.embedder.EclipseLogger - skip non existing resourceDirectory C:\Users\mdsis\Desktop\APIAutomation\APIAutomation\src\test\resources
2019-06-22 16:06:52,066 [Worker-19: Updating Maven Project] INFO  o.e.m.c.i.p.ProjectConfigurationManager - Update started
2019-06-22 16:06:52,439 [Worker-19: Updating Maven Project] INFO  o.e.m.c.i.l.LifecycleMappingFactory - Using org.eclipse.m2e.jdt.JarLifecycleMapping lifecycle mapping for MavenProject: abc:abc:0.0.1-SNAPSHOT @ C:\Users\mdsis\Desktop\APIAutomation\APIAutomation\pom.xml.
2019-06-22 16:06:52,537 [Worker-19: Updating Maven Project] WARN  o.e.m.c.i.embedder.EclipseLogger - The POM for com.sun.xml.bind:jaxb-osgi:jar:2.2.10 is invalid, transitive dependencies (if any) will not be available, enable debug logging for more details
2019-06-22 16:06:52,768 [Worker-19: Updating Maven Project] INFO  o.e.m.j.i.AbstractJavaProjectConfigurator - Adding source folder /APIAutomation/src/main/java
2019-06-22 16:06:52,769 [Worker-19: Updating Maven Project] INFO  o.e.m.j.i.AbstractJavaProjectConfigurator - Adding source folder /APIAutomation/src/test/java
2019-06-22 16:06:52,895 [Worker-19: Updating Maven Project] INFO  o.e.m.c.i.p.ProjectConfigurationManager - Update completed: 0 sec
2019-06-22 16:06:53,081 [Worker-21: Building workspace] WARN  o.e.m.c.i.embedder.EclipseLogger - The POM for com.sun.xml.bind:jaxb-osgi:jar:2.2.10 is invalid, transitive dependencies (if any) will not be available, enable debug logging for more details
2019-06-22 16:06:53,160 [Worker-21: Building workspace] INFO  o.e.m.c.i.embedder.EclipseLogger - Using 'UTF-8' encoding to copy filtered resources.
2019-06-22 16:06:53,160 [Worker-21: Building workspace] INFO  o.e.m.c.i.embedder.EclipseLogger - skip non existing resourceDirectory C:\Users\mdsis\Desktop\APIAutomation\APIAutomation\src\main\resources
2019-06-22 16:06:53,163 [Worker-21: Building workspace] INFO  o.e.m.c.i.embedder.EclipseLogger - Using 'UTF-8' encoding to copy filtered resources.
2019-06-22 16:06:53,163 [Worker-21: Building workspace] INFO  o.e.m.c.i.embedder.EclipseLogger - skip non existing resourceDirectory C:\Users\mdsis\Desktop\APIAutomation\APIAutomation\src\test\resources
2019-06-22 16:08:11,359 [Worker-22: Building workspace] INFO  o.e.m.c.i.embedder.EclipseLogger - Using 'UTF-8' encoding to copy filtered resources.
2019-06-22 16:08:11,359 [Worker-22: Building workspace] INFO  o.e.m.c.i.embedder.EclipseLogger - skip non existing resourceDirectory C:\Users\mdsis\Desktop\APIAutomation\APIAutomation\src\main\resources
2019-06-22 16:08:11,360 [Worker-22: Building workspace] INFO  o.e.m.c.i.embedder.EclipseLogger - Using 'UTF-8' encoding to copy filtered resources.
2019-06-22 16:08:11,360 [Worker-22: Building workspace] INFO  o.e.m.c.i.embedder.EclipseLogger - skip non existing resourceDirectory C:\Users\mdsis\Desktop\APIAutomation\APIAutomation\src\test\resources
2019-06-22 16:08:32,043 [Worker-18: Rebuilding] INFO  o.e.m.c.i.embedder.EclipseLogger - Using 'UTF-8' encoding to copy filtered resources.
2019-06-22 16:08:32,044 [Worker-18: Rebuilding] INFO  o.e.m.c.i.embedder.EclipseLogger - skip non existing resourceDirectory C:\Users\mdsis\Desktop\APIAutomation\APIAutomation\src\main\resources
2019-06-22 16:08:32,044 [Worker-18: Rebuilding] INFO  o.e.m.c.i.embedder.EclipseLogger - Using 'UTF-8' encoding to copy filtered resources.
2019-06-22 16:08:32,044 [Worker-18: Rebuilding] INFO  o.e.m.c.i.embedder.EclipseLogger - skip non existing resourceDirectory C:\Users\mdsis\Desktop\APIAutomation\APIAutomation\src\test\resources
2019-06-22 16:09:04,904 [Worker-0: Loading available Gradle versions] INFO  o.e.b.c.i.u.g.PublishedGradleVersions - Gradle version information cache is up-to-date. Trying to read.
2019-06-22 16:09:05,670 [Worker-8: reload maven project] WARN  o.e.m.c.i.embedder.EclipseLogger - The POM for com.sun.xml.bind:jaxb-osgi:jar:2.2.10 is invalid, transitive dependencies (if any) will not be available, enable debug logging for more details
2019-06-22 16:09:42,696 [Worker-13: Building workspace] INFO  o.e.m.c.i.embedder.EclipseLogger - Using 'UTF-8' encoding to copy filtered resources.
2019-06-22 16:09:42,697 [Worker-13: Building workspace] INFO  o.e.m.c.i.embedder.EclipseLogger - skip non existing resourceDirectory C:\Users\mdsis\Desktop\APIAutomation\APIAutomation\src\main\resources
2019-06-22 16:09:42,700 [Worker-13: Building workspace] INFO  o.e.m.c.i.embedder.EclipseLogger - Using 'UTF-8' encoding to copy filtered resources.
2019-06-22 16:09:42,700 [Worker-13: Building workspace] INFO  o.e.m.c.i.embedder.EclipseLogger - skip non existing resourceDirectory C:\Users\mdsis\Desktop\APIAutomation\APIAutomation\src\test\resources
2019-06-22 16:33:33,360 [Worker-4: Building workspace] INFO  o.e.m.c.i.embedder.EclipseLogger - Using 'UTF-8' encoding to copy filtered resources.
2019-06-22 16:33:33,360 [Worker-4: Building workspace] INFO  o.e.m.c.i.embedder.EclipseLogger - skip non existing resourceDirectory C:\Users\mdsis\Desktop\APIAutomation\APIAutomation\src\main\resources
2019-06-22 16:33:33,361 [Worker-4: Building workspace] INFO  o.e.m.c.i.embedder.EclipseLogger - Using 'UTF-8' encoding to copy filtered resources.
2019-06-22 16:33:33,361 [Worker-4: Building workspace] INFO  o.e.m.c.i.embedder.EclipseLogger - skip non existing resourceDirectory C:\Users\mdsis\Desktop\APIAutomation\APIAutomation\src\test\resources
2019-06-22 16:34:02,762 [Worker-21: Launching TC_001_Get_Request] INFO  o.e.m.c.i.embedder.EclipseLogger - Using 'UTF-8' encoding to copy filtered resources.
2019-06-22 16:34:02,762 [Worker-21: Launching TC_001_Get_Request] INFO  o.e.m.c.i.embedder.EclipseLogger - skip non existing resourceDirectory C:\Users\mdsis\Desktop\APIAutomation\APIAutomation\src\main\resources
2019-06-22 16:34:02,765 [Worker-21: Launching TC_001_Get_Request] INFO  o.e.m.c.i.embedder.EclipseLogger - Using 'UTF-8' encoding to copy filtered resources.
2019-06-22 16:34:02,765 [Worker-21: Launching TC_001_Get_Request] INFO  o.e.m.c.i.embedder.EclipseLogger - skip non existing resourceDirectory C:\Users\mdsis\Desktop\APIAutomation\APIAutomation\src\test\resources
2019-06-22 16:47:05,768 [Worker-23: Building workspace] INFO  o.e.m.c.i.embedder.EclipseLogger - Using 'UTF-8' encoding to copy filtered resources.
2019-06-22 16:47:05,768 [Worker-23: Building workspace] INFO  o.e.m.c.i.embedder.EclipseLogger - skip non existing resourceDirectory C:\Users\mdsis\Desktop\APIAutomation\APIAutomation\src\main\resources
2019-06-22 16:47:05,770 [Worker-23: Building workspace] INFO  o.e.m.c.i.embedder.EclipseLogger - Using 'UTF-8' encoding to copy filtered resources.
2019-06-22 16:47:05,770 [Worker-23: Building workspace] INFO  o.e.m.c.i.embedder.EclipseLogger - skip non existing resourceDirectory C:\Users\mdsis\Desktop\APIAutomation\APIAutomation\src\test\resources
2019-06-22 16:49:24,954 [Worker-24: Building workspace] INFO  o.e.m.c.i.embedder.EclipseLogger - Using 'UTF-8' encoding to copy filtered resources.
2019-06-22 16:49:24,954 [Worker-24: Building workspace] INFO  o.e.m.c.i.embedder.EclipseLogger - skip non existing resourceDirectory C:\Users\mdsis\Desktop\APIAutomation\APIAutomation\src\main\resources
2019-06-22 16:49:24,955 [Worker-24: Building workspace] INFO  o.e.m.c.i.embedder.EclipseLogger - Using 'UTF-8' encoding to copy filtered resources.
2019-06-22 16:49:24,956 [Worker-24: Building workspace] INFO  o.e.m.c.i.embedder.EclipseLogger - skip non existing resourceDirectory C:\Users\mdsis\Desktop\APIAutomation\APIAutomation\src\test\resources
2019-06-22 16:49:52,877 [Worker-19: Launching TC_001_Get_Request] INFO  o.e.m.c.i.embedder.EclipseLogger - Using 'UTF-8' encoding to copy filtered resources.
2019-06-22 16:49:52,877 [Worker-19: Launching TC_001_Get_Request] INFO  o.e.m.c.i.embedder.EclipseLogger - skip non existing resourceDirectory C:\Users\mdsis\Desktop\APIAutomation\APIAutomation\src\main\resources
2019-06-22 16:49:52,879 [Worker-19: Launching TC_001_Get_Request] INFO  o.e.m.c.i.embedder.EclipseLogger - Using 'UTF-8' encoding to copy filtered resources.
2019-06-22 16:49:52,880 [Worker-19: Launching TC_001_Get_Request] INFO  o.e.m.c.i.embedder.EclipseLogger - skip non existing resourceDirectory C:\Users\mdsis\Desktop\APIAutomation\APIAutomation\src\test\resources
2019-06-22 16:50:21,535 [Worker-23: Launching TC_001_Get_Request] INFO  o.e.m.c.i.embedder.EclipseLogger - Using 'UTF-8' encoding to copy filtered resources.
2019-06-22 16:50:21,535 [Worker-23: Launching TC_001_Get_Request] INFO  o.e.m.c.i.embedder.EclipseLogger - skip non existing resourceDirectory C:\Users\mdsis\Desktop\APIAutomation\APIAutomation\src\main\resources
2019-06-22 16:50:21,537 [Worker-23: Launching TC_001_Get_Request] INFO  o.e.m.c.i.embedder.EclipseLogger - Using 'UTF-8' encoding to copy filtered resources.
2019-06-22 16:50:21,537 [Worker-23: Launching TC_001_Get_Request] INFO  o.e.m.c.i.embedder.EclipseLogger - skip non existing resourceDirectory C:\Users\mdsis\Desktop\APIAutomation\APIAutomation\src\test\resources
2019-06-22 16:50:42,056 [Worker-20: Launching TC_001_Get_Request] INFO  o.e.m.c.i.embedder.EclipseLogger - Using 'UTF-8' encoding to copy filtered resources.
2019-06-22 16:50:42,056 [Worker-20: Launching TC_001_Get_Request] INFO  o.e.m.c.i.embedder.EclipseLogger - skip non existing resourceDirectory C:\Users\mdsis\Desktop\APIAutomation\APIAutomation\src\main\resources
2019-06-22 16:50:42,058 [Worker-20: Launching TC_001_Get_Request] INFO  o.e.m.c.i.embedder.EclipseLogger - Using 'UTF-8' encoding to copy filtered resources.
2019-06-22 16:50:42,059 [Worker-20: Launching TC_001_Get_Request] INFO  o.e.m.c.i.embedder.EclipseLogger - skip non existing resourceDirectory C:\Users\mdsis\Desktop\APIAutomation\APIAutomation\src\test\resources
2019-06-22 17:47:56,953 [Worker-33: Building workspace] INFO  o.e.m.c.i.embedder.EclipseLogger - Using 'UTF-8' encoding to copy filtered resources.
2019-06-22 17:47:56,954 [Worker-33: Building workspace] INFO  o.e.m.c.i.embedder.EclipseLogger - skip non existing resourceDirectory C:\Users\mdsis\Desktop\APIAutomation\APIAutomation\src\main\resources
2019-06-22 17:47:56,955 [Worker-33: Building workspace] INFO  o.e.m.c.i.embedder.EclipseLogger - Using 'UTF-8' encoding to copy filtered resources.
2019-06-22 17:47:56,956 [Worker-33: Building workspace] INFO  o.e.m.c.i.embedder.EclipseLogger - skip non existing resourceDirectory C:\Users\mdsis\Desktop\APIAutomation\APIAutomation\src\test\resources
2019-06-22 18:01:47,895 [Worker-36: Building workspace] INFO  o.e.m.c.i.embedder.EclipseLogger - Using 'UTF-8' encoding to copy filtered resources.
2019-06-22 18:01:47,895 [Worker-36: Building workspace] INFO  o.e.m.c.i.embedder.EclipseLogger - skip non existing resourceDirectory C:\Users\mdsis\Desktop\APIAutomation\APIAutomation\src\main\resources
2019-06-22 18:01:47,896 [Worker-36: Building workspace] INFO  o.e.m.c.i.embedder.EclipseLogger - Using 'UTF-8' encoding to copy filtered resources.
2019-06-22 18:01:47,896 [Worker-36: Building workspace] INFO  o.e.m.c.i.embedder.EclipseLogger - skip non existing resourceDirectory C:\Users\mdsis\Desktop\APIAutomation\APIAutomation\src\test\resources
2019-06-22 18:02:16,642 [Worker-36: Building workspace] INFO  o.e.m.c.i.embedder.EclipseLogger - Using 'UTF-8' encoding to copy filtered resources.
2019-06-22 18:02:16,642 [Worker-36: Building workspace] INFO  o.e.m.c.i.embedder.EclipseLogger - skip non existing resourceDirectory C:\Users\mdsis\Desktop\APIAutomation\APIAutomation\src\main\resources
2019-06-22 18:02:16,643 [Worker-36: Building workspace] INFO  o.e.m.c.i.embedder.EclipseLogger - Using 'UTF-8' encoding to copy filtered resources.
2019-06-22 18:02:16,644 [Worker-36: Building workspace] INFO  o.e.m.c.i.embedder.EclipseLogger - skip non existing resourceDirectory C:\Users\mdsis\Desktop\APIAutomation\APIAutomation\src\test\resources
2019-06-22 19:02:33,551 [Worker-7: Loading available Gradle versions] INFO  o.e.b.c.i.u.g.PublishedGradleVersions - Gradle version information cache is up-to-date. Trying to read.
2019-06-22 19:02:35,227 [Worker-6: Building workspace] WARN  o.e.m.c.i.embedder.EclipseLogger - The POM for com.sun.xml.bind:jaxb-osgi:jar:2.2.10 is invalid, transitive dependencies (if any) will not be available, enable debug logging for more details
2019-06-22 19:02:35,691 [Worker-6: Building workspace] INFO  o.e.m.c.i.embedder.EclipseLogger - Using 'UTF-8' encoding to copy filtered resources.
2019-06-22 19:02:35,691 [Worker-6: Building workspace] INFO  o.e.m.c.i.embedder.EclipseLogger - skip non existing resourceDirectory C:\Users\mdsis\Desktop\APIAutomation\APIAutomation\src\main\resources
2019-06-22 19:02:35,693 [Worker-6: Building workspace] INFO  o.e.m.c.i.embedder.EclipseLogger - Using 'UTF-8' encoding to copy filtered resources.
2019-06-22 19:02:35,693 [Worker-6: Building workspace] INFO  o.e.m.c.i.embedder.EclipseLogger - skip non existing resourceDirectory C:\Users\mdsis\Desktop\APIAutomation\APIAutomation\src\test\resources
2019-06-22 19:34:14,598 [Worker-20: Building workspace] INFO  o.e.m.c.i.embedder.EclipseLogger - Using 'UTF-8' encoding to copy filtered resources.
2019-06-22 19:34:14,599 [Worker-20: Building workspace] INFO  o.e.m.c.i.embedder.EclipseLogger - skip non existing resourceDirectory C:\Users\mdsis\Desktop\APIAutomation\APIAutomation\src\main\resources
2019-06-22 19:34:14,600 [Worker-20: Building workspace] INFO  o.e.m.c.i.embedder.EclipseLogger - Using 'UTF-8' encoding to copy filtered resources.
2019-06-22 19:34:14,600 [Worker-20: Building workspace] INFO  o.e.m.c.i.embedder.EclipseLogger - skip non existing resourceDirectory C:\Users\mdsis\Desktop\APIAutomation\APIAutomation\src\test\resources
2019-06-22 19:35:24,310 [Worker-19: Building workspace] INFO  o.e.m.c.i.embedder.EclipseLogger - Using 'UTF-8' encoding to copy filtered resources.
2019-06-22 19:35:24,310 [Worker-19: Building workspace] INFO  o.e.m.c.i.embedder.EclipseLogger - skip non existing resourceDirectory C:\Users\mdsis\Desktop\APIAutomation\APIAutomation\src\main\resources
2019-06-22 19:35:24,311 [Worker-19: Building workspace] INFO  o.e.m.c.i.embedder.EclipseLogger - Using 'UTF-8' encoding to copy filtered resources.
2019-06-22 19:35:24,311 [Worker-19: Building workspace] INFO  o.e.m.c.i.embedder.EclipseLogger - skip non existing resourceDirectory C:\Users\mdsis\Desktop\APIAutomation\APIAutomation\src\test\resources
2019-06-22 19:36:00,822 [Worker-19: Building workspace] INFO  o.e.m.c.i.embedder.EclipseLogger - Using 'UTF-8' encoding to copy filtered resources.
2019-06-22 19:36:00,823 [Worker-19: Building workspace] INFO  o.e.m.c.i.embedder.EclipseLogger - skip non existing resourceDirectory C:\Users\mdsis\Desktop\APIAutomation\APIAutomation\src\main\resources
2019-06-22 19:36:00,826 [Worker-19: Building workspace] INFO  o.e.m.c.i.embedder.EclipseLogger - Using 'UTF-8' encoding to copy filtered resources.
2019-06-22 19:36:00,827 [Worker-19: Building workspace] INFO  o.e.m.c.i.embedder.EclipseLogger - skip non existing resourceDirectory C:\Users\mdsis\Desktop\APIAutomation\APIAutomation\src\test\resources
2019-06-22 19:57:42,926 [Worker-11: Building workspace] INFO  o.e.m.c.i.embedder.EclipseLogger - Using 'UTF-8' encoding to copy filtered resources.
2019-06-22 19:57:42,927 [Worker-11: Building workspace] INFO  o.e.m.c.i.embedder.EclipseLogger - skip non existing resourceDirectory C:\Users\mdsis\Desktop\APIAutomation\APIAutomation\src\main\resources
2019-06-22 19:57:42,928 [Worker-11: Building workspace] INFO  o.e.m.c.i.embedder.EclipseLogger - Using 'UTF-8' encoding to copy filtered resources.
2019-06-22 19:57:42,928 [Worker-11: Building workspace] INFO  o.e.m.c.i.embedder.EclipseLogger - skip non existing resourceDirectory C:\Users\mdsis\Desktop\APIAutomation\APIAutomation\src\test\resources
2019-06-22 20:17:48,924 [Worker-26: Building workspace] INFO  o.e.m.c.i.embedder.EclipseLogger - Using 'UTF-8' encoding to copy filtered resources.
2019-06-22 20:17:48,924 [Worker-26: Building workspace] INFO  o.e.m.c.i.embedder.EclipseLogger - skip non existing resourceDirectory C:\Users\mdsis\Desktop\APIAutomation\APIAutomation\src\main\resources
2019-06-22 20:17:48,925 [Worker-26: Building workspace] INFO  o.e.m.c.i.embedder.EclipseLogger - Using 'UTF-8' encoding to copy filtered resources.
2019-06-22 20:17:48,925 [Worker-26: Building workspace] INFO  o.e.m.c.i.embedder.EclipseLogger - skip non existing resourceDirectory C:\Users\mdsis\Desktop\APIAutomation\APIAutomation\src\test\resources
2019-06-22 20:19:33,977 [Worker-29: Building workspace] INFO  o.e.m.c.i.embedder.EclipseLogger - Using 'UTF-8' encoding to copy filtered resources.
2019-06-22 20:19:33,977 [Worker-29: Building workspace] INFO  o.e.m.c.i.embedder.EclipseLogger - skip non existing resourceDirectory C:\Users\mdsis\Desktop\APIAutomation\APIAutomation\src\main\resources
2019-06-22 20:19:33,978 [Worker-29: Building workspace] INFO  o.e.m.c.i.embedder.EclipseLogger - Using 'UTF-8' encoding to copy filtered resources.
2019-06-22 20:19:33,978 [Worker-29: Building workspace] INFO  o.e.m.c.i.embedder.EclipseLogger - skip non existing resourceDirectory C:\Users\mdsis\Desktop\APIAutomation\APIAutomation\src\test\resources
